<?xml version="1.0" encoding="UTF-8"?>
<testsuite name="com.bootcamp.meli.MeliApplicationTests" tests="1" skipped="0" failures="0" errors="0" timestamp="2021-05-20T12:26:09" hostname="BR0C02DX7N8MD6N" time="0.324">
  <properties/>
  <testcase name="contextLoads()" classname="com.bootcamp.meli.MeliApplicationTests" time="0.324"/>
  <system-out><![CDATA[09:26:08.086 [Test worker] DEBUG org.springframework.test.context.BootstrapUtils - Instantiating CacheAwareContextLoaderDelegate from class [org.springframework.test.context.cache.DefaultCacheAwareContextLoaderDelegate]
09:26:08.105 [Test worker] DEBUG org.springframework.test.context.BootstrapUtils - Instantiating BootstrapContext using constructor [public org.springframework.test.context.support.DefaultBootstrapContext(java.lang.Class,org.springframework.test.context.CacheAwareContextLoaderDelegate)]
09:26:08.143 [Test worker] DEBUG org.springframework.test.context.BootstrapUtils - Instantiating TestContextBootstrapper for test class [com.bootcamp.meli.MeliApplicationTests] from class [org.springframework.boot.test.context.SpringBootTestContextBootstrapper]
09:26:08.152 [Test worker] INFO org.springframework.boot.test.context.SpringBootTestContextBootstrapper - Neither @ContextConfiguration nor @ContextHierarchy found for test class [com.bootcamp.meli.MeliApplicationTests], using SpringBootContextLoader
09:26:08.156 [Test worker] DEBUG org.springframework.test.context.support.AbstractContextLoader - Did not detect default resource location for test class [com.bootcamp.meli.MeliApplicationTests]: class path resource [com/bootcamp/meli/MeliApplicationTests-context.xml] does not exist
09:26:08.156 [Test worker] DEBUG org.springframework.test.context.support.AbstractContextLoader - Did not detect default resource location for test class [com.bootcamp.meli.MeliApplicationTests]: class path resource [com/bootcamp/meli/MeliApplicationTestsContext.groovy] does not exist
09:26:08.156 [Test worker] INFO org.springframework.test.context.support.AbstractContextLoader - Could not detect default resource locations for test class [com.bootcamp.meli.MeliApplicationTests]: no resource found for suffixes {-context.xml, Context.groovy}.
09:26:08.157 [Test worker] INFO org.springframework.test.context.support.AnnotationConfigContextLoaderUtils - Could not detect default configuration classes for test class [com.bootcamp.meli.MeliApplicationTests]: MeliApplicationTests does not declare any static, non-private, non-final, nested classes annotated with @Configuration.
09:26:08.206 [Test worker] DEBUG org.springframework.test.context.support.ActiveProfilesUtils - Could not find an 'annotation declaring class' for annotation type [org.springframework.test.context.ActiveProfiles] and class [com.bootcamp.meli.MeliApplicationTests]
09:26:08.298 [Test worker] DEBUG org.springframework.context.annotation.ClassPathScanningCandidateComponentProvider - Identified candidate component class: file [/Users/lheller/Documents/projects/bootcamp/bootcamp/build/classes/java/main/com/bootcamp/meli/MeliApplication.class]
09:26:08.301 [Test worker] INFO org.springframework.boot.test.context.SpringBootTestContextBootstrapper - Found @SpringBootConfiguration com.bootcamp.meli.MeliApplication for test class com.bootcamp.meli.MeliApplicationTests
09:26:08.457 [Test worker] DEBUG org.springframework.boot.test.context.SpringBootTestContextBootstrapper - @TestExecutionListeners is not present for class [com.bootcamp.meli.MeliApplicationTests]: using defaults.
09:26:08.458 [Test worker] INFO org.springframework.boot.test.context.SpringBootTestContextBootstrapper - Loaded default TestExecutionListener class names from location [META-INF/spring.factories]: [org.springframework.boot.test.autoconfigure.restdocs.RestDocsTestExecutionListener, org.springframework.boot.test.autoconfigure.web.client.MockRestServiceServerResetTestExecutionListener, org.springframework.boot.test.autoconfigure.web.servlet.MockMvcPrintOnlyOnFailureTestExecutionListener, org.springframework.boot.test.autoconfigure.web.servlet.WebDriverTestExecutionListener, org.springframework.boot.test.autoconfigure.webservices.client.MockWebServiceServerTestExecutionListener, org.springframework.boot.test.mock.mockito.MockitoTestExecutionListener, org.springframework.boot.test.mock.mockito.ResetMocksTestExecutionListener, org.springframework.test.context.web.ServletTestExecutionListener, org.springframework.test.context.support.DirtiesContextBeforeModesTestExecutionListener, org.springframework.test.context.event.ApplicationEventsTestExecutionListener, org.springframework.test.context.support.DependencyInjectionTestExecutionListener, org.springframework.test.context.support.DirtiesContextTestExecutionListener, org.springframework.test.context.transaction.TransactionalTestExecutionListener, org.springframework.test.context.jdbc.SqlScriptsTestExecutionListener, org.springframework.test.context.event.EventPublishingTestExecutionListener]
09:26:08.470 [Test worker] DEBUG org.springframework.boot.test.context.SpringBootTestContextBootstrapper - Skipping candidate TestExecutionListener [org.springframework.test.context.web.ServletTestExecutionListener] due to a missing dependency. Specify custom listener classes or make the default listener classes and their required dependencies available. Offending class: [javax/servlet/ServletContext]
09:26:08.474 [Test worker] DEBUG org.springframework.boot.test.context.SpringBootTestContextBootstrapper - Skipping candidate TestExecutionListener [org.springframework.test.context.transaction.TransactionalTestExecutionListener] due to a missing dependency. Specify custom listener classes or make the default listener classes and their required dependencies available. Offending class: [org/springframework/transaction/TransactionDefinition]
09:26:08.475 [Test worker] DEBUG org.springframework.boot.test.context.SpringBootTestContextBootstrapper - Skipping candidate TestExecutionListener [org.springframework.test.context.jdbc.SqlScriptsTestExecutionListener] due to a missing dependency. Specify custom listener classes or make the default listener classes and their required dependencies available. Offending class: [org/springframework/transaction/interceptor/TransactionAttribute]
09:26:08.476 [Test worker] INFO org.springframework.boot.test.context.SpringBootTestContextBootstrapper - Using TestExecutionListeners: [org.springframework.test.context.support.DirtiesContextBeforeModesTestExecutionListener@6eef04ad, org.springframework.test.context.event.ApplicationEventsTestExecutionListener@3a68a877, org.springframework.boot.test.mock.mockito.MockitoTestExecutionListener@2fb478eb, org.springframework.boot.test.autoconfigure.SpringBootDependencyInjectionTestExecutionListener@8af7d0c, org.springframework.test.context.support.DirtiesContextTestExecutionListener@1ef3dad8, org.springframework.test.context.event.EventPublishingTestExecutionListener@6127f261, org.springframework.boot.test.autoconfigure.restdocs.RestDocsTestExecutionListener@6dd8ad8e, org.springframework.boot.test.autoconfigure.web.client.MockRestServiceServerResetTestExecutionListener@1eecea24, org.springframework.boot.test.autoconfigure.web.servlet.MockMvcPrintOnlyOnFailureTestExecutionListener@1ec9c63b, org.springframework.boot.test.autoconfigure.web.servlet.WebDriverTestExecutionListener@40239b79, org.springframework.boot.test.autoconfigure.webservices.client.MockWebServiceServerTestExecutionListener@68bfea2e, org.springframework.boot.test.mock.mockito.ResetMocksTestExecutionListener@11fb80d7]
09:26:08.480 [Test worker] DEBUG org.springframework.test.context.support.AbstractDirtiesContextTestExecutionListener - Before test class: context [DefaultTestContext@12c445c9 testClass = MeliApplicationTests, testInstance = [null], testMethod = [null], testException = [null], mergedContextConfiguration = [MergedContextConfiguration@76167102 testClass = MeliApplicationTests, locations = '{}', classes = '{class com.bootcamp.meli.MeliApplication}', contextInitializerClasses = '[]', activeProfiles = '{}', propertySourceLocations = '{}', propertySourceProperties = '{org.springframework.boot.test.context.SpringBootTestContextBootstrapper=true}', contextCustomizers = set[org.springframework.boot.test.autoconfigure.actuate.metrics.MetricsExportContextCustomizerFactory$DisableMetricExportContextCustomizer@17f6590f, org.springframework.boot.test.autoconfigure.properties.PropertyMappingContextCustomizer@0, org.springframework.boot.test.autoconfigure.web.servlet.WebDriverContextCustomizerFactory$Customizer@f4a2ac9, org.springframework.boot.test.context.filter.ExcludeFilterContextCustomizer@4459306f, org.springframework.boot.test.json.DuplicateJsonObjectContextCustomizerFactory$DuplicateJsonObjectContextCustomizer@7260d16d, org.springframework.boot.test.mock.mockito.MockitoContextCustomizer@0, org.springframework.boot.test.web.client.TestRestTemplateContextCustomizer@55735478, org.springframework.boot.test.context.SpringBootTestArgs@1, org.springframework.boot.test.context.SpringBootTestWebEnvironment@b8eb81], contextLoader = 'org.springframework.boot.test.context.SpringBootContextLoader', parent = [null]], attributes = map[[empty]]], class annotated with @DirtiesContext [false] with mode [null].
09:26:08.513 [Test worker] DEBUG org.springframework.test.context.support.DependencyInjectionTestExecutionListener - Performing dependency injection for test context [[DefaultTestContext@12c445c9 testClass = MeliApplicationTests, testInstance = com.bootcamp.meli.MeliApplicationTests@5685c66b, testMethod = [null], testException = [null], mergedContextConfiguration = [MergedContextConfiguration@76167102 testClass = MeliApplicationTests, locations = '{}', classes = '{class com.bootcamp.meli.MeliApplication}', contextInitializerClasses = '[]', activeProfiles = '{}', propertySourceLocations = '{}', propertySourceProperties = '{org.springframework.boot.test.context.SpringBootTestContextBootstrapper=true}', contextCustomizers = set[org.springframework.boot.test.autoconfigure.actuate.metrics.MetricsExportContextCustomizerFactory$DisableMetricExportContextCustomizer@17f6590f, org.springframework.boot.test.autoconfigure.properties.PropertyMappingContextCustomizer@0, org.springframework.boot.test.autoconfigure.web.servlet.WebDriverContextCustomizerFactory$Customizer@f4a2ac9, org.springframework.boot.test.context.filter.ExcludeFilterContextCustomizer@4459306f, org.springframework.boot.test.json.DuplicateJsonObjectContextCustomizerFactory$DuplicateJsonObjectContextCustomizer@7260d16d, org.springframework.boot.test.mock.mockito.MockitoContextCustomizer@0, org.springframework.boot.test.web.client.TestRestTemplateContextCustomizer@55735478, org.springframework.boot.test.context.SpringBootTestArgs@1, org.springframework.boot.test.context.SpringBootTestWebEnvironment@b8eb81], contextLoader = 'org.springframework.boot.test.context.SpringBootContextLoader', parent = [null]], attributes = map['org.springframework.test.context.event.ApplicationEventsTestExecutionListener.recordApplicationEvents' -> false]]].
09:26:08.576 [Test worker] DEBUG org.springframework.test.context.support.TestPropertySourceUtils - Adding inlined properties to environment: {spring.jmx.enabled=false, org.springframework.boot.test.context.SpringBootTestContextBootstrapper=true}

  .   ____          _            __ _ _
 /\\ / ___'_ __ _ _(_)_ __  __ _ \ \ \ \
( ( )\___ | '_ | '_| | '_ \/ _` | \ \ \ \
 \\/  ___)| |_)| | | | | || (_| |  ) ) ) )
  '  |____| .__|_| |_|_| |_\__, | / / / /
 =========|_|==============|___/=/_/_/_/
 :: Spring Boot ::                (v2.4.5)

2021-05-20 09:26:08.996  INFO 56169 --- [    Test worker] com.bootcamp.meli.MeliApplicationTests   : Starting MeliApplicationTests using Java 11.0.9.1 on BR0C02DX7N8MD6N with PID 56169 (started by lheller in /Users/lheller/Documents/projects/bootcamp/bootcamp)
2021-05-20 09:26:09.000  INFO 56169 --- [    Test worker] com.bootcamp.meli.MeliApplicationTests   : No active profile set, falling back to default profiles: default
2021-05-20 09:26:09.479  INFO 56169 --- [    Test worker] com.bootcamp.meli.MeliApplicationTests   : Started MeliApplicationTests in 0.897 seconds (JVM running for 2.413)
]]></system-out>
  <system-err><![CDATA[]]></system-err>
</testsuite>
